{"/home/vini/Lp-Pantorv2/pantor-lp/lib/supabase.ts": {"path":"/home/vini/Lp-Pantorv2/pantor-lp/lib/supabase.ts","statementMap":{"0":{"start":{"line":6,"column":20},"end":{"line":6,"column":null}},"1":{"start":{"line":7,"column":24},"end":{"line":7,"column":null}},"2":{"start":{"line":10,"column":2},"end":{"line":12,"column":null}},"3":{"start":{"line":15,"column":2},"end":{"line":15,"column":null}},"4":{"start":{"line":27,"column":2},"end":{"line":30,"column":null}},"5":{"start":{"line":28,"column":4},"end":{"line":28,"column":null}},"6":{"start":{"line":29,"column":4},"end":{"line":29,"column":null}},"7":{"start":{"line":32,"column":2},"end":{"line":52,"column":null}},"8":{"start":{"line":33,"column":22},"end":{"line":37,"column":null}},"9":{"start":{"line":39,"column":4},"end":{"line":46,"column":null}},"10":{"start":{"line":41,"column":6},"end":{"line":43,"column":null}},"11":{"start":{"line":42,"column":8},"end":{"line":42,"column":null}},"12":{"start":{"line":44,"column":6},"end":{"line":44,"column":null}},"13":{"start":{"line":45,"column":6},"end":{"line":45,"column":null}},"14":{"start":{"line":48,"column":4},"end":{"line":48,"column":null}},"15":{"start":{"line":50,"column":4},"end":{"line":50,"column":null}},"16":{"start":{"line":51,"column":4},"end":{"line":51,"column":null}},"17":{"start":{"line":62,"column":2},"end":{"line":62,"column":null}},"18":{"start":{"line":62,"column":17},"end":{"line":62,"column":null}},"19":{"start":{"line":64,"column":2},"end":{"line":72,"column":null}},"20":{"start":{"line":65,"column":4},"end":{"line":69,"column":null}},"21":{"start":{"line":88,"column":2},"end":{"line":92,"column":null}},"22":{"start":{"line":102,"column":2},"end":{"line":102,"column":null}},"23":{"start":{"line":102,"column":17},"end":{"line":102,"column":null}},"24":{"start":{"line":104,"column":2},"end":{"line":117,"column":null}},"25":{"start":{"line":105,"column":28},"end":{"line":105,"column":null}},"26":{"start":{"line":106,"column":4},"end":{"line":109,"column":null}},"27":{"start":{"line":107,"column":6},"end":{"line":107,"column":null}},"28":{"start":{"line":108,"column":6},"end":{"line":108,"column":null}},"29":{"start":{"line":110,"column":4},"end":{"line":113,"column":null}},"30":{"start":{"line":110,"column":72},"end":{"line":113,"column":6}},"31":{"start":{"line":115,"column":4},"end":{"line":115,"column":null}},"32":{"start":{"line":116,"column":4},"end":{"line":116,"column":null}},"33":{"start":{"line":123,"column":2},"end":{"line":123,"column":null}},"34":{"start":{"line":123,"column":17},"end":{"line":123,"column":null}},"35":{"start":{"line":126,"column":4},"end":{"line":133,"column":null}},"36":{"start":{"line":136,"column":4},"end":{"line":136,"column":null}},"37":{"start":{"line":138,"column":4},"end":{"line":138,"column":null}},"38":{"start":{"line":141,"column":25},"end":{"line":141,"column":null}},"39":{"start":{"line":141,"column":53},"end":{"line":141,"column":65}},"40":{"start":{"line":144,"column":45},"end":{"line":144,"column":null}},"41":{"start":{"line":145,"column":2},"end":{"line":149,"column":null}},"42":{"start":{"line":146,"column":4},"end":{"line":148,"column":null}},"43":{"start":{"line":147,"column":6},"end":{"line":147,"column":null}},"44":{"start":{"line":151,"column":19},"end":{"line":154,"column":null}},"45":{"start":{"line":152,"column":28},"end":{"line":152,"column":33}},"46":{"start":{"line":154,"column":29},"end":{"line":154,"column":45}},"47":{"start":{"line":158,"column":4},"end":{"line":163,"column":null}},"48":{"start":{"line":159,"column":89},"end":{"line":162,"column":10}},"49":{"start":{"line":165,"column":21},"end":{"line":165,"column":null}},"50":{"start":{"line":166,"column":24},"end":{"line":166,"column":null}},"51":{"start":{"line":168,"column":4},"end":{"line":170,"column":null}},"52":{"start":{"line":173,"column":14},"end":{"line":173,"column":null}},"53":{"start":{"line":174,"column":41},"end":{"line":174,"column":null}},"54":{"start":{"line":175,"column":2},"end":{"line":179,"column":null}},"55":{"start":{"line":175,"column":15},"end":{"line":175,"column":19}},"56":{"start":{"line":176,"column":14},"end":{"line":176,"column":null}},"57":{"start":{"line":177,"column":4},"end":{"line":177,"column":null}},"58":{"start":{"line":178,"column":4},"end":{"line":178,"column":null}},"59":{"start":{"line":180,"column":2},"end":{"line":183,"column":null}},"60":{"start":{"line":181,"column":16},"end":{"line":181,"column":null}},"61":{"start":{"line":182,"column":4},"end":{"line":182,"column":null}},"62":{"start":{"line":182,"column":23},"end":{"line":182,"column":null}},"63":{"start":{"line":185,"column":27},"end":{"line":189,"column":null}},"64":{"start":{"line":185,"column":79},"end":{"line":189,"column":4}},"65":{"start":{"line":191,"column":2},"end":{"line":199,"column":null}}},"fnMap":{"0":{"name":"isSupabaseConfigured","decl":{"start":{"line":14,"column":16},"end":{"line":14,"column":48}},"loc":{"start":{"line":14,"column":48},"end":{"line":16,"column":null}},"line":14},"1":{"name":"submitWaitlist","decl":{"start":{"line":24,"column":22},"end":{"line":24,"column":null}},"loc":{"start":{"line":26,"column":33},"end":{"line":53,"column":null}},"line":26},"2":{"name":"trackEvent","decl":{"start":{"line":57,"column":22},"end":{"line":57,"column":null}},"loc":{"start":{"line":61,"column":17},"end":{"line":73,"column":null}},"line":61},"3":{"name":"trackPlanCtaClick","decl":{"start":{"line":84,"column":22},"end":{"line":84,"column":null}},"loc":{"start":{"line":87,"column":17},"end":{"line":93,"column":null}},"line":87},"4":{"name":"getPlanCtaClickStats","decl":{"start":{"line":99,"column":22},"end":{"line":99,"column":null}},"loc":{"start":{"line":101,"column":2},"end":{"line":118,"column":null}},"line":101},"5":{"name":"(anonymous_5)","decl":{"start":{"line":110,"column":28},"end":{"line":110,"column":29}},"loc":{"start":{"line":110,"column":72},"end":{"line":113,"column":6}},"line":110},"6":{"name":"getAdminMetrics","decl":{"start":{"line":122,"column":22},"end":{"line":122,"column":40}},"loc":{"start":{"line":122,"column":40},"end":{"line":200,"column":null}},"line":122},"7":{"name":"(anonymous_7)","decl":{"start":{"line":141,"column":46},"end":{"line":141,"column":47}},"loc":{"start":{"line":141,"column":53},"end":{"line":141,"column":65}},"line":141},"8":{"name":"(anonymous_8)","decl":{"start":{"line":146,"column":40},"end":{"line":146,"column":41}},"loc":{"start":{"line":146,"column":65},"end":{"line":148,"column":5}},"line":146},"9":{"name":"(anonymous_9)","decl":{"start":{"line":152,"column":10},"end":{"line":152,"column":11}},"loc":{"start":{"line":152,"column":28},"end":{"line":152,"column":33}},"line":152},"10":{"name":"(anonymous_10)","decl":{"start":{"line":154,"column":9},"end":{"line":154,"column":10}},"loc":{"start":{"line":154,"column":29},"end":{"line":154,"column":45}},"line":154},"11":{"name":"(anonymous_11)","decl":{"start":{"line":159,"column":45},"end":{"line":159,"column":46}},"loc":{"start":{"line":159,"column":89},"end":{"line":162,"column":10}},"line":159},"12":{"name":"(anonymous_12)","decl":{"start":{"line":180,"column":16},"end":{"line":180,"column":17}},"loc":{"start":{"line":180,"column":47},"end":{"line":183,"column":3}},"line":180},"13":{"name":"(anonymous_13)","decl":{"start":{"line":185,"column":54},"end":{"line":185,"column":55}},"loc":{"start":{"line":185,"column":79},"end":{"line":189,"column":4}},"line":185}},"branchMap":{"0":{"loc":{"start":{"line":6,"column":20},"end":{"line":6,"column":null}},"type":"binary-expr","locations":[{"start":{"line":6,"column":20},"end":{"line":6,"column":60}},{"start":{"line":6,"column":60},"end":{"line":6,"column":null}}],"line":6},"1":{"loc":{"start":{"line":7,"column":24},"end":{"line":7,"column":null}},"type":"binary-expr","locations":[{"start":{"line":7,"column":24},"end":{"line":7,"column":69}},{"start":{"line":7,"column":69},"end":{"line":7,"column":null}}],"line":7},"2":{"loc":{"start":{"line":10,"column":2},"end":{"line":12,"column":null}},"type":"cond-expr","locations":[{"start":{"line":10,"column":17},"end":{"line":11,"column":null}},{"start":{"line":12,"column":6},"end":{"line":12,"column":null}}],"line":10},"3":{"loc":{"start":{"line":10,"column":2},"end":{"line":10,"column":null}},"type":"binary-expr","locations":[{"start":{"line":10,"column":2},"end":{"line":10,"column":17}},{"start":{"line":10,"column":17},"end":{"line":10,"column":null}}],"line":10},"4":{"loc":{"start":{"line":15,"column":17},"end":{"line":15,"column":47}},"type":"binary-expr","locations":[{"start":{"line":15,"column":17},"end":{"line":15,"column":32}},{"start":{"line":15,"column":32},"end":{"line":15,"column":47}}],"line":15},"5":{"loc":{"start":{"line":27,"column":2},"end":{"line":30,"column":null}},"type":"if","locations":[{"start":{"line":27,"column":2},"end":{"line":30,"column":null}},{"start":{},"end":{}}],"line":27},"6":{"loc":{"start":{"line":36,"column":15},"end":{"line":36,"column":null}},"type":"binary-expr","locations":[{"start":{"line":36,"column":15},"end":{"line":36,"column":31}},{"start":{"line":36,"column":31},"end":{"line":36,"column":null}}],"line":36},"7":{"loc":{"start":{"line":39,"column":4},"end":{"line":46,"column":null}},"type":"if","locations":[{"start":{"line":39,"column":4},"end":{"line":46,"column":null}},{"start":{},"end":{}}],"line":39},"8":{"loc":{"start":{"line":41,"column":6},"end":{"line":43,"column":null}},"type":"if","locations":[{"start":{"line":41,"column":6},"end":{"line":43,"column":null}},{"start":{},"end":{}}],"line":41},"9":{"loc":{"start":{"line":62,"column":2},"end":{"line":62,"column":null}},"type":"if","locations":[{"start":{"line":62,"column":2},"end":{"line":62,"column":null}},{"start":{},"end":{}}],"line":62},"10":{"loc":{"start":{"line":68,"column":16},"end":{"line":68,"column":null}},"type":"binary-expr","locations":[{"start":{"line":68,"column":16},"end":{"line":68,"column":28}},{"start":{"line":68,"column":28},"end":{"line":68,"column":null}}],"line":68},"11":{"loc":{"start":{"line":102,"column":2},"end":{"line":102,"column":null}},"type":"if","locations":[{"start":{"line":102,"column":2},"end":{"line":102,"column":null}},{"start":{},"end":{}}],"line":102},"12":{"loc":{"start":{"line":106,"column":4},"end":{"line":109,"column":null}},"type":"if","locations":[{"start":{"line":106,"column":4},"end":{"line":109,"column":null}},{"start":{},"end":{}}],"line":106},"13":{"loc":{"start":{"line":110,"column":12},"end":{"line":110,"column":24}},"type":"binary-expr","locations":[{"start":{"line":110,"column":12},"end":{"line":110,"column":20}},{"start":{"line":110,"column":20},"end":{"line":110,"column":24}}],"line":110},"14":{"loc":{"start":{"line":123,"column":2},"end":{"line":123,"column":null}},"type":"if","locations":[{"start":{"line":123,"column":2},"end":{"line":123,"column":null}},{"start":{},"end":{}}],"line":123},"15":{"loc":{"start":{"line":136,"column":4},"end":{"line":136,"column":null}},"type":"cond-expr","locations":[{"start":{"line":136,"column":41},"end":{"line":136,"column":72}},{"start":{"line":136,"column":72},"end":{"line":136,"column":null}}],"line":136},"16":{"loc":{"start":{"line":136,"column":41},"end":{"line":136,"column":72}},"type":"binary-expr","locations":[{"start":{"line":136,"column":41},"end":{"line":136,"column":67}},{"start":{"line":136,"column":67},"end":{"line":136,"column":72}}],"line":136},"17":{"loc":{"start":{"line":138,"column":4},"end":{"line":138,"column":null}},"type":"cond-expr","locations":[{"start":{"line":138,"column":41},"end":{"line":138,"column":72}},{"start":{"line":138,"column":72},"end":{"line":138,"column":null}}],"line":138},"18":{"loc":{"start":{"line":138,"column":41},"end":{"line":138,"column":72}},"type":"binary-expr","locations":[{"start":{"line":138,"column":41},"end":{"line":138,"column":67}},{"start":{"line":138,"column":67},"end":{"line":138,"column":72}}],"line":138},"19":{"loc":{"start":{"line":145,"column":2},"end":{"line":149,"column":null}},"type":"if","locations":[{"start":{"line":145,"column":2},"end":{"line":149,"column":null}},{"start":{},"end":{}}],"line":145},"20":{"loc":{"start":{"line":146,"column":5},"end":{"line":146,"column":32}},"type":"binary-expr","locations":[{"start":{"line":146,"column":5},"end":{"line":146,"column":28}},{"start":{"line":146,"column":28},"end":{"line":146,"column":32}}],"line":146},"21":{"loc":{"start":{"line":147,"column":28},"end":{"line":147,"column":55}},"type":"binary-expr","locations":[{"start":{"line":147,"column":28},"end":{"line":147,"column":50}},{"start":{"line":147,"column":50},"end":{"line":147,"column":55}}],"line":147},"22":{"loc":{"start":{"line":158,"column":4},"end":{"line":163,"column":null}},"type":"cond-expr","locations":[{"start":{"line":158,"column":29},"end":{"line":162,"column":null}},{"start":{"line":163,"column":8},"end":{"line":163,"column":null}}],"line":158},"23":{"loc":{"start":{"line":159,"column":9},"end":{"line":159,"column":41}},"type":"binary-expr","locations":[{"start":{"line":159,"column":9},"end":{"line":159,"column":37}},{"start":{"line":159,"column":37},"end":{"line":159,"column":41}}],"line":159},"24":{"loc":{"start":{"line":168,"column":4},"end":{"line":170,"column":null}},"type":"cond-expr","locations":[{"start":{"line":169,"column":8},"end":{"line":169,"column":null}},{"start":{"line":170,"column":8},"end":{"line":170,"column":null}}],"line":168},"25":{"loc":{"start":{"line":182,"column":4},"end":{"line":182,"column":null}},"type":"if","locations":[{"start":{"line":182,"column":4},"end":{"line":182,"column":null}},{"start":{},"end":{}}],"line":182}},"s":{"0":1,"1":1,"2":1,"3":1,"4":9,"5":0,"6":0,"7":9,"8":9,"9":8,"10":2,"11":1,"12":1,"13":1,"14":6,"15":1,"16":1,"17":11,"18":0,"19":11,"20":11,"21":5,"22":6,"23":0,"24":6,"25":6,"26":5,"27":1,"28":1,"29":4,"30":3,"31":1,"32":1,"33":14,"34":0,"35":14,"36":14,"37":14,"38":14,"39":11,"40":14,"41":14,"42":14,"43":15,"44":14,"45":9,"46":10,"47":14,"48":3,"49":14,"50":14,"51":14,"52":14,"53":14,"54":14,"55":14,"56":420,"57":420,"58":420,"59":14,"60":12,"61":12,"62":11,"63":14,"64":420,"65":14},"f":{"0":1,"1":9,"2":11,"3":5,"4":6,"5":3,"6":14,"7":11,"8":15,"9":9,"10":10,"11":3,"12":12,"13":420},"b":{"0":[1,0],"1":[1,0],"2":[1,0],"3":[1,1],"4":[1,1],"5":[0,9],"6":[9,8],"7":[2,6],"8":[1,1],"9":[0,11],"10":[11,3],"11":[0,6],"12":[1,4],"13":[4,1],"14":[0,14],"15":[13,1],"16":[13,0],"17":[13,1],"18":[13,0],"19":[14,0],"20":[14,0],"21":[15,12],"22":[14,0],"23":[14,1],"24":[7,7],"25":[11,1]},"meta":{"lastBranch":26,"lastFunction":14,"lastStatement":66,"seen":{"s:6:20:6:Infinity":0,"b:6:20:6:60:6:60:6:Infinity":0,"s:7:24:7:Infinity":1,"b:7:24:7:69:7:69:7:Infinity":1,"s:10:2:12:Infinity":2,"b:10:17:11:Infinity:12:6:12:Infinity":2,"b:10:2:10:17:10:17:10:Infinity":3,"f:14:16:14:48":0,"s:15:2:15:Infinity":3,"b:15:17:15:32:15:32:15:47":4,"f:24:22:24:Infinity":1,"b:27:2:30:Infinity:undefined:undefined:undefined:undefined":5,"s:27:2:30:Infinity":4,"s:28:4:28:Infinity":5,"s:29:4:29:Infinity":6,"s:32:2:52:Infinity":7,"s:33:22:37:Infinity":8,"b:36:15:36:31:36:31:36:Infinity":6,"b:39:4:46:Infinity:undefined:undefined:undefined:undefined":7,"s:39:4:46:Infinity":9,"b:41:6:43:Infinity:undefined:undefined:undefined:undefined":8,"s:41:6:43:Infinity":10,"s:42:8:42:Infinity":11,"s:44:6:44:Infinity":12,"s:45:6:45:Infinity":13,"s:48:4:48:Infinity":14,"s:50:4:50:Infinity":15,"s:51:4:51:Infinity":16,"f:57:22:57:Infinity":2,"b:62:2:62:Infinity:undefined:undefined:undefined:undefined":9,"s:62:2:62:Infinity":17,"s:62:17:62:Infinity":18,"s:64:2:72:Infinity":19,"s:65:4:69:Infinity":20,"b:68:16:68:28:68:28:68:Infinity":10,"f:84:22:84:Infinity":3,"s:88:2:92:Infinity":21,"f:99:22:99:Infinity":4,"b:102:2:102:Infinity:undefined:undefined:undefined:undefined":11,"s:102:2:102:Infinity":22,"s:102:17:102:Infinity":23,"s:104:2:117:Infinity":24,"s:105:28:105:Infinity":25,"b:106:4:109:Infinity:undefined:undefined:undefined:undefined":12,"s:106:4:109:Infinity":26,"s:107:6:107:Infinity":27,"s:108:6:108:Infinity":28,"s:110:4:113:Infinity":29,"b:110:12:110:20:110:20:110:24":13,"f:110:28:110:29":5,"s:110:72:113:6":30,"s:115:4:115:Infinity":31,"s:116:4:116:Infinity":32,"f:122:22:122:40":6,"b:123:2:123:Infinity:undefined:undefined:undefined:undefined":14,"s:123:2:123:Infinity":33,"s:123:17:123:Infinity":34,"s:126:4:133:Infinity":35,"s:136:4:136:Infinity":36,"b:136:41:136:72:136:72:136:Infinity":15,"b:136:41:136:67:136:67:136:72":16,"s:138:4:138:Infinity":37,"b:138:41:138:72:138:72:138:Infinity":17,"b:138:41:138:67:138:67:138:72":18,"s:141:25:141:Infinity":38,"f:141:46:141:47":7,"s:141:53:141:65":39,"s:144:45:144:Infinity":40,"b:145:2:149:Infinity:undefined:undefined:undefined:undefined":19,"s:145:2:149:Infinity":41,"s:146:4:148:Infinity":42,"b:146:5:146:28:146:28:146:32":20,"f:146:40:146:41":8,"s:147:6:147:Infinity":43,"b:147:28:147:50:147:50:147:55":21,"s:151:19:154:Infinity":44,"f:152:10:152:11":9,"s:152:28:152:33":45,"f:154:9:154:10":10,"s:154:29:154:45":46,"s:158:4:163:Infinity":47,"b:158:29:162:Infinity:163:8:163:Infinity":22,"b:159:9:159:37:159:37:159:41":23,"f:159:45:159:46":11,"s:159:89:162:10":48,"s:165:21:165:Infinity":49,"s:166:24:166:Infinity":50,"s:168:4:170:Infinity":51,"b:169:8:169:Infinity:170:8:170:Infinity":24,"s:173:14:173:Infinity":52,"s:174:41:174:Infinity":53,"s:175:2:179:Infinity":54,"s:175:15:175:19":55,"s:176:14:176:Infinity":56,"s:177:4:177:Infinity":57,"s:178:4:178:Infinity":58,"s:180:2:183:Infinity":59,"f:180:16:180:17":12,"s:181:16:181:Infinity":60,"b:182:4:182:Infinity:undefined:undefined:undefined:undefined":25,"s:182:4:182:Infinity":61,"s:182:23:182:Infinity":62,"s:185:27:189:Infinity":63,"f:185:54:185:55":13,"s:185:79:189:4":64,"s:191:2:199:Infinity":65}}}
}
